Added Member To Class: ClassName=Sheet1 Member=Component C1 4.7uf
Added Member To Class: ClassName=Sheet1 Member=Component C2 4.7uf
Added Member To Class: ClassName=Sheet2 Member=Component C3 22uf
Added Member To Class: ClassName=Sheet2 Member=Component C4 22uf
Added Member To Class: ClassName=Sheet2 Member=Component D1 40v/1.5A
Added Member To Class: ClassName=Sheet2 Member=Component D2 40v/1.5A
Added Member To Class: ClassName=Sheet2 Member=Component I1 2.2uH
Added Member To Class: ClassName=Sheet1 Member=Component IC1 632723100011
Added Member To Class: ClassName=Sheet1 Member=Component IC2 MCP73831T-2ACI_OT
Added Member To Class: ClassName=Sheet2 Member=Component IC3 PAM2401SCADJ
Added Member To Class: ClassName=Sheet2 Member=Component IC4 632723100011
Added Member To Class: ClassName=Sheet1 Member=Component LED1 CHG
Added Member To Class: ClassName=Sheet2 Member=Component LED2 CHG
Added Member To Class: ClassName=Sheet1 Member=Component Port1 Battery
Added Member To Class: ClassName=Sheet1 Member=Component R1 56k
Added Member To Class: ClassName=Sheet1 Member=Component R2 1k
Added Member To Class: ClassName=Sheet1 Member=Component R3 56k
Added Member To Class: ClassName=Sheet1 Member=Component R4 2k
Added Member To Class: ClassName=Sheet2 Member=Component R5 750k
Added Member To Class: ClassName=Sheet2 Member=Component R6 75k
Added Member To Class: ClassName=Sheet2 Member=Component R7 75k
Added Member To Class: ClassName=Sheet2 Member=Component R8 750k
Added Member To Class: ClassName=Sheet2 Member=Component R9 100k
Added Member To Class: ClassName=Sheet2 Member=Component R10 4.7k
Added Member To Class: ClassName=Sheet2 Member=Component R11 49.9k
Added Member To Class: ClassName=Sheet2 Member=Component R12 49.9k
Added Member To Class: ClassName=Sheet2 Member=Component R13 56k
Added Member To Class: ClassName=Sheet2 Member=Component R14 56k
Added Member To Class: ClassName=Sheet1 Member=Component SW1 PWR
